<?xml version="1.0" encoding="UTF-8"?>
<testng-results ignored="0" total="1" passed="1" failed="0" skipped="0">
  <reporter-output>
  </reporter-output>
  <suite started-at="2022-04-06T17:09:44 BST" name="Default suite" finished-at="2022-04-06T17:09:47 BST" duration-ms="2645">
    <groups>
    </groups>
    <test started-at="2022-04-06T17:09:44 BST" name="Default test" finished-at="2022-04-06T17:09:47 BST" duration-ms="2645">
      <class name="testCases.TC_StudentsAPI">
        <test-method signature="test_putStudent()[pri:0, instance:testCases.TC_StudentsAPI@71def8f8]" started-at="2022-04-06T17:09:44 BST" name="test_putStudent" finished-at="2022-04-06T17:09:47 BST" duration-ms="2596" status="PASS">
          <reporter-output>
          </reporter-output>
        </test-method> <!-- test_putStudent -->
      </class> <!-- testCases.TC_StudentsAPI -->
    </test> <!-- Default test -->
  </suite> <!-- Default suite -->
</testng-results>
